<?xml version="1.0" encoding="utf-8" standalone="no"?>
<test-run id="2" testcasecount="2" result="Passed" total="2" passed="2" failed="0" inconclusive="0" skipped="0" asserts="0" engine-version="3.8.0.0" clr-version="4.0.30319.42000" start-time="2018-06-22 19:00:30Z" end-time="2018-06-22 19:01:03Z" duration="33.463984">
  <command-line><![CDATA[nunit3-console  SeleniumDemoProject.dll ]]></command-line>
  <test-suite type="Assembly" id="0-1004" name="SeleniumDemoProject.dll" fullname="C:\Users\Sanjay\Documents\automateSelenium\SeleniumDemoProject\bin\Debug\SeleniumDemoProject.dll" runstate="Runnable" testcasecount="2" result="Passed" start-time="2018-06-22 19:00:31Z" end-time="2018-06-22 19:01:03Z" duration="32.658709" total="2" passed="2" failed="0" warnings="0" inconclusive="0" skipped="0" asserts="0">
    <environment framework-version="3.6.1.0" clr-version="4.0.30319.42000" os-version="Microsoft Windows NT 10.0.14393.0" platform="Win32NT" cwd="C:\Users\Sanjay\Documents\automateSelenium\SeleniumDemoProject\bin\Debug" machine-name="DESKTOP-O3VRKJ0" user="Sanjay" user-domain="DESKTOP-O3VRKJ0" culture="en-US" uiculture="en-US" os-architecture="x64" />
    <settings>
      <setting name="DisposeRunners" value="True" />
      <setting name="WorkDirectory" value="C:\Users\Sanjay\Documents\automateSelenium\SeleniumDemoProject\bin\Debug" />
      <setting name="ImageRuntimeVersion" value="4.0.30319" />
      <setting name="ImageTargetFrameworkName" value=".NETFramework,Version=v4.5" />
      <setting name="ImageRequiresX86" value="False" />
      <setting name="ImageRequiresDefaultAppDomainAssemblyResolver" value="False" />
      <setting name="NumberOfTestWorkers" value="4" />
    </settings>
    <properties>
      <property name="_PID" value="5768" />
      <property name="_APPDOMAIN" value="domain-" />
    </properties>
    <test-suite type="TestSuite" id="0-1005" name="SeleniumDemoProject" fullname="SeleniumDemoProject" runstate="Runnable" testcasecount="2" result="Passed" start-time="2018-06-22 19:00:31Z" end-time="2018-06-22 19:01:03Z" duration="32.636214" total="2" passed="2" failed="0" warnings="0" inconclusive="0" skipped="0" asserts="0">
      <test-suite type="TestFixture" id="0-1000" name="Sample" fullname="SeleniumDemoProject.Sample" classname="SeleniumDemoProject.Sample" runstate="Runnable" testcasecount="1" result="Passed" start-time="2018-06-22 19:00:31Z" end-time="2018-06-22 19:01:03Z" duration="32.598577" total="1" passed="1" failed="0" warnings="0" inconclusive="0" skipped="0" asserts="0">
        <test-case id="0-1001" name="Test1" fullname="SeleniumDemoProject.Sample.Test1" methodname="Test1" classname="SeleniumDemoProject.Sample" runstate="Runnable" seed="388529721" result="Passed" start-time="2018-06-22 19:00:31Z" end-time="2018-06-22 19:01:03Z" duration="32.583236" asserts="0">
          <output><![CDATA[Search for Toys in Amazon is successful
]]></output>
        </test-case>
      </test-suite>
      <test-suite type="TestFixture" id="0-1002" name="TestClass" fullname="SeleniumDemoProject.TestClass" classname="SeleniumDemoProject.TestClass" runstate="Runnable" testcasecount="1" result="Passed" start-time="2018-06-22 19:01:03Z" end-time="2018-06-22 19:01:03Z" duration="0.028489" total="1" passed="1" failed="0" warnings="0" inconclusive="0" skipped="0" asserts="0">
        <test-case id="0-1003" name="TestMethod" fullname="SeleniumDemoProject.TestClass.TestMethod" methodname="TestMethod" classname="SeleniumDemoProject.TestClass" runstate="Runnable" seed="1238403120" result="Passed" start-time="2018-06-22 19:01:03Z" end-time="2018-06-22 19:01:03Z" duration="0.024970" asserts="0">
          <reason>
            <message><![CDATA[Your first passing test]]></message>
          </reason>
        </test-case>
      </test-suite>
    </test-suite>
  </test-suite>
</test-run>